Arguments: 
  /youcai/node-v6.14.3-linux-x64/bin/node /usr/bin/yarn

PATH: 
  /usr/local/bin:/usr/local/sbin:/usr/bin:/usr/sbin:/bin:/sbin:/root/bin

Yarn version: 
  1.7.0

Node version: 
  6.14.3

Platform: 
  linux x64

Trace: 
  Error: https://registry.yarnpkg.com/prop-types: ETIMEDOUT
      at Timeout._onTimeout (/usr/lib/node_modules/yarn/lib/cli.js:135339:19)
      at ontimeout (timers.js:386:11)
      at tryOnTimeout (timers.js:250:5)
      at Timer.listOnTimeout (timers.js:214:5)

npm manifest: 
  {
    "name": "youcai-page-manage",
    "version": "1.0.0",
    "main": "index.js",
    "repository": "git@github.com:oonnnee/youcai-page-manage.git",
    "license": "MIT",
    "scripts": {
      "build_win": "set WEBPACK_ENV=online&& node_modules/.bin/webpack -p",
      "build": "WEBPACK_ENV=online node_modules/.bin/webpack -p",
      "server": "node_modules/.bin/webpack-dev-server"
    },
    "devDependencies": {
      "babel-core": "6.26.0",
      "babel-loader": "7.1.2",
      "babel-preset-env": "1.6.1",
      "babel-preset-react": "6.24.1",
      "css-loader": "0.28.8",
      "extract-text-webpack-plugin": "3.0.2",
      "file-loader": "1.1.6",
      "html-webpack-plugin": "2.30.1",
      "node-sass": "4.7.2",
      "sass-loader": "6.0.6",
      "style-loader": "0.19.1",
      "url-loader": "0.6.2",
      "webpack": "3.10.0",
      "webpack-dev-server": "2.9.7"
    },
    "dependencies": {
      "prop-types": "15.6.0",
      "rc-checkbox": "2.1.5",
      "rc-pagination": "1.15.1",
      "rc-select": "8.0.9",
      "react": "16.2.0",
      "react-dom": "16.2.0",
      "react-router-dom": "4.2.2"
    }
  }

yarn manifest: 
  No manifest

Lockfile: 
  No lockfile
